<?xml version="1.0" encoding="UTF-8"?>
<testsuite xmlns:xsi="http://www.w3.org/2001/XMLSchema-instance" xsi:noNamespaceSchemaLocation="https://maven.apache.org/surefire/maven-surefire-plugin/xsd/surefire-test-report.xsd" name="za.ac.cput.imtired.DivisionTest" time="3.633" tests="5" errors="0" skipped="1" failures="1">
  <properties>
[...]
</properties>
  <testcase name="timeouttest" classname="za.ac.cput.imtired.DivisionTest" time="3.555"/>
  <testcase name="testFailing" classname="za.ac.cput.imtired.DivisionTest" time="0.027">
    <failure message="expected: &lt;true&gt; but was: &lt;false&gt;" type="org.opentest4j.AssertionFailedError"><![CDATA[org.opentest4j.AssertionFailedError: expected: <true> but was: <false>
	at za.ac.cput.imtired.DivisionTest.testFailing(DivisionTest.java:58)
]]></failure>
  </testcase>
  <testcase name="testIdentity" classname="za.ac.cput.imtired.DivisionTest" time="0.002"/>
  <testcase name="testDisable" classname="za.ac.cput.imtired.DivisionTest" time="0">
    <skipped message="public void za.ac.cput.imtired.DivisionTest.testDisable() is @Disabled"/>
  </testcase>
  <testcase name="testEquality" classname="za.ac.cput.imtired.DivisionTest" time="0.004"/>
</testsuite>